{
  "RSpec": {
    "coverage": {
      "/Users/eunice.kontor/Desktop/Makers/week6_challenge/chitter-challenge-apprenticeships/app.rb": {
        "lines": [
          1,
          null,
          1,
          1,
          1,
          null,
          null,
          1,
          null
        ]
      },
      "/Users/eunice.kontor/Desktop/Makers/week6_challenge/chitter-challenge-apprenticeships/spec/features/test_page_spec.rb": {
        "lines": [
          1,
          1,
          1,
          1,
          null,
          null
        ]
      }
    },
    "timestamp": 1604672738
  }
}
